#
# There is insufficient memory for the Java Runtime Environment to continue.
# Native memory allocation (mmap) failed to map 132120576 bytes for G1 virtual space
# Possible reasons:
#   The system is out of physical RAM or swap space
#   The process is running with CompressedOops enabled, and the Java Heap may be blocking the growth of the native heap
# Possible solutions:
#   Reduce memory load on the system
#   Increase physical memory or swap space
#   Check if swap backing store is full
#   Decrease Java heap size (-Xmx/-Xms)
#   Decrease number of Java threads
#   Decrease Java thread stack sizes (-Xss)
#   Set larger code cache with -XX:ReservedCodeCacheSize=
#   JVM is running with Unscaled Compressed Oops mode in which the Java heap is
#     placed in the first 4GB address space. The Java Heap base address is the
#     maximum limit for the native heap growth. Please use -XX:HeapBaseMinAddress
#     to set the Java Heap base and to place the Java Heap above 4GB virtual address.
# This output file may be truncated or incomplete.
#
#  Out of Memory Error (os_windows.cpp:3548), pid=1072, tid=21212
#
# JRE version:  (17.0.12+8) (build )
# Java VM: Java HotSpot(TM) 64-Bit Server VM (17.0.12+8-LTS-286, mixed mode, sharing, tiered, compressed oops, compressed class ptrs, g1 gc, windows-amd64)
# No core dump will be written. Minidumps are not enabled by default on client versions of Windows
#

---------------  S U M M A R Y ------------

Command Line: -Xmx128m org.apache.spark.launcher.Main org.apache.spark.deploy.SparkSubmit --packages org.apache.spark:spark-sql-kafka-0-10_2.12:3.5.5,org.apache.kafka:kafka-clients:3.4.1 --jars C:\Users\USER\Downloads\postgresql-42.7.5.jar --conf spark.pyspark.python=C:/Users/USER/anaconda3/python.exe real_time_processing/spark_streaming.py

Host: Intel(R) Core(TM) i5-8250U CPU @ 1.60GHz, 8 cores, 7G,  Windows 11 , 64 bit Build 22621 (10.0.22621.3958)
Time: Mon Apr  7 16:15:22 2025 W. Central Africa Standard Time elapsed time: 0.031840 seconds (0d 0h 0m 0s)

---------------  T H R E A D  ---------------

Current thread (0x000001b7f976c970):  JavaThread "Unknown thread" [_thread_in_vm, id=21212, stack(0x00000017d1900000,0x00000017d1a00000)]

Stack: [0x00000017d1900000,0x00000017d1a00000]
Native frames: (J=compiled Java code, j=interpreted, Vv=VM code, C=native code)
V  [jvm.dll+0x67a04a]
V  [jvm.dll+0x7da4ed]
V  [jvm.dll+0x7dbe33]
V  [jvm.dll+0x7dc4a3]
V  [jvm.dll+0x24508f]
V  [jvm.dll+0x677089]
V  [jvm.dll+0x66bd32]
V  [jvm.dll+0x301fa6]
V  [jvm.dll+0x309546]
V  [jvm.dll+0x359d2e]
V  [jvm.dll+0x359f5f]
V  [jvm.dll+0x2d9078]
V  [jvm.dll+0x2d9fe4]
V  [jvm.dll+0x7aca21]
V  [jvm.dll+0x367591]
V  [jvm.dll+0x78b999]
V  [jvm.dll+0x3ec83f]
V  [jvm.dll+0x3ee471]
C  [jli.dll+0x5297]
C  [ucrtbase.dll+0x29333]
C  [KERNEL32.DLL+0x1257d]
C  [ntdll.dll+0x5af08]


---------------  P R O C E S S  ---------------

Threads class SMR info:
_java_thread_list=0x00007ff8bac97a18, length=0, elements={
}

Java Threads: ( => current thread )

Other Threads:
  0x000001b7f978ec50 GCTaskThread "GC Thread#0" [stack: 0x00000017d1a00000,0x00000017d1b00000] [id=1504]
  0x000001b7f9790aa0 ConcurrentGCThread "G1 Main Marker" [stack: 0x00000017d1b00000,0x00000017d1c00000] [id=6768]
  0x000001b7f97913b0 ConcurrentGCThread "G1 Conc#0" [stack: 0x00000017d1c00000,0x00000017d1d00000] [id=26884]

[error occurred during error reporting (printing all threads), id 0xc0000005, EXCEPTION_ACCESS_VIOLATION (0xc0000005) at pc=0x00007ff8ba4c9b67]

VM state: not at safepoint (not fully initialized)

VM Mutex/Monitor currently owned by a thread:  ([mutex/lock_event])
[0x000001b7f9767280] Heap_lock - owner thread: 0x000001b7f976c970

Heap address: 0x00000000f8000000, size: 128 MB, Compressed Oops mode: 32-bit

CDS archive(s) mapped at: [0x0000000000000000-0x0000000000000000-0x0000000000000000), size 0, SharedBaseAddress: 0x0000000800000000, ArchiveRelocationMode: 1.
Narrow klass base: 0x0000000000000000, Narrow klass shift: 0, Narrow klass range: 0x0

GC Precious Log:
<Empty>

Heap:
 garbage-first heap   total 0K, used 0K [0x00000000f8000000, 0x0000000100000000)
  region size 1024K, 0 young (0K), 0 survivors (0K)

[error occurred during error reporting (printing heap information), id 0xc0000005, EXCEPTION_ACCESS_VIOLATION (0xc0000005) at pc=0x00007ff8ba8b3859]

GC Heap History (0 events):
No events

Deoptimization events (0 events):
No events

Classes unloaded (0 events):
No events

Classes redefined (0 events):
No events

Internal exceptions (0 events):
No events

VM Operations (0 events):
No events

Events (1 events):
Event: 0.021 Loaded shared library C:\Program Files\Java\jdk-17\bin\java.dll


Dynamic libraries:
0x00007ff7fd8d0000 - 0x00007ff7fd8e0000 	C:\Program Files\Java\jdk-17\bin\java.exe
0x00007ff9914b0000 - 0x00007ff9916c7000 	C:\Windows\SYSTEM32\ntdll.dll
0x00007ff98f740000 - 0x00007ff98f804000 	C:\Windows\System32\KERNEL32.DLL
0x00007ff98e9b0000 - 0x00007ff98ed67000 	C:\Windows\System32\KERNELBASE.dll
0x00007ff98ee60000 - 0x00007ff98ef71000 	C:\Windows\System32\ucrtbase.dll
0x00007ff9687b0000 - 0x00007ff9687cb000 	C:\Program Files\Java\jdk-17\bin\VCRUNTIME140.dll
0x00007ff9614f0000 - 0x00007ff961509000 	C:\Program Files\Java\jdk-17\bin\jli.dll
0x00007ff990d20000 - 0x00007ff990dd2000 	C:\Windows\System32\ADVAPI32.dll
0x00007ff9911d0000 - 0x00007ff991277000 	C:\Windows\System32\msvcrt.dll
0x00007ff991310000 - 0x00007ff9913b8000 	C:\Windows\System32\sechost.dll
0x00007ff98e980000 - 0x00007ff98e9a8000 	C:\Windows\System32\bcrypt.dll
0x00007ff990630000 - 0x00007ff990744000 	C:\Windows\System32\RPCRT4.dll
0x00007ff990de0000 - 0x00007ff990f8f000 	C:\Windows\System32\USER32.dll
0x00007ff98ed70000 - 0x00007ff98ed96000 	C:\Windows\System32\win32u.dll
0x00007ff976400000 - 0x00007ff976693000 	C:\Windows\WinSxS\amd64_microsoft.windows.common-controls_6595b64144ccf1df_6.0.22621.3672_none_2713b9d173822955\COMCTL32.dll
0x00007ff9911a0000 - 0x00007ff9911c9000 	C:\Windows\System32\GDI32.dll
0x00007ff98e860000 - 0x00007ff98e978000 	C:\Windows\System32\gdi32full.dll
0x00007ff98e7c0000 - 0x00007ff98e85a000 	C:\Windows\System32\msvcp_win.dll
0x00007ff9851f0000 - 0x00007ff9851fa000 	C:\Windows\SYSTEM32\VERSION.dll
0x00007ff98f680000 - 0x00007ff98f6b1000 	C:\Windows\System32\IMM32.DLL
0x00007ff982860000 - 0x00007ff98286c000 	C:\Program Files\Java\jdk-17\bin\vcruntime140_1.dll
0x00007ff903590000 - 0x00007ff90361e000 	C:\Program Files\Java\jdk-17\bin\msvcp140.dll
0x00007ff8ba1e0000 - 0x00007ff8badc0000 	C:\Program Files\Java\jdk-17\bin\server\jvm.dll
0x00007ff98f840000 - 0x00007ff98f848000 	C:\Windows\System32\PSAPI.DLL
0x00007ff9684e0000 - 0x00007ff9684e9000 	C:\Windows\SYSTEM32\WSOCK32.dll
0x00007ff985950000 - 0x00007ff985984000 	C:\Windows\SYSTEM32\WINMM.dll
0x00007ff98f440000 - 0x00007ff98f4b1000 	C:\Windows\System32\WS2_32.dll
0x00007ff98d810000 - 0x00007ff98d828000 	C:\Windows\SYSTEM32\kernel.appcore.dll
0x00007ff981a30000 - 0x00007ff981a3a000 	C:\Program Files\Java\jdk-17\bin\jimage.dll
0x00007ff9890a0000 - 0x00007ff9892d2000 	C:\Windows\SYSTEM32\DBGHELP.DLL
0x00007ff9902a0000 - 0x00007ff99062e000 	C:\Windows\System32\combase.dll
0x00007ff990bf0000 - 0x00007ff990cc7000 	C:\Windows\System32\OLEAUT32.dll
0x00007ff96d240000 - 0x00007ff96d272000 	C:\Windows\SYSTEM32\dbgcore.DLL
0x00007ff98ef80000 - 0x00007ff98effb000 	C:\Windows\System32\bcryptPrimitives.dll
0x00007ff9614c0000 - 0x00007ff9614e5000 	C:\Program Files\Java\jdk-17\bin\java.dll

dbghelp: loaded successfully - version: 4.0.5 - missing functions: none
symbol engine: initialized successfully - sym options: 0x614 - pdb path: .;C:\Program Files\Java\jdk-17\bin;C:\Windows\SYSTEM32;C:\Windows\WinSxS\amd64_microsoft.windows.common-controls_6595b64144ccf1df_6.0.22621.3672_none_2713b9d173822955;C:\Program Files\Java\jdk-17\bin\server

VM Arguments:
jvm_args: -Xmx128m 
java_command: org.apache.spark.launcher.Main org.apache.spark.deploy.SparkSubmit --packages org.apache.spark:spark-sql-kafka-0-10_2.12:3.5.5,org.apache.kafka:kafka-clients:3.4.1 --jars C:\Users\USER\Downloads\postgresql-42.7.5.jar --conf spark.pyspark.python=C:/Users/USER/anaconda3/python.exe real_time_processing/spark_streaming.py
java_class_path (initial): C:\Users\USER\Downloads\apachespark\spark\jars\activation-1.1.1.jar;C:\Users\USER\Downloads\apachespark\spark\jars\aircompressor-0.27.jar;C:\Users\USER\Downloads\apachespark\spark\jars\algebra_2.12-2.0.1.jar;C:\Users\USER\Downloads\apachespark\spark\jars\annotations-17.0.0.jar;C:\Users\USER\Downloads\apachespark\spark\jars\antlr-runtime-3.5.2.jar;C:\Users\USER\Downloads\apachespark\spark\jars\antlr4-runtime-4.9.3.jar;C:\Users\USER\Downloads\apachespark\spark\jars\aopalliance-repackaged-2.6.1.jar;C:\Users\USER\Downloads\apachespark\spark\jars\arpack-3.0.3.jar;C:\Users\USER\Downloads\apachespark\spark\jars\arpack_combined_all-0.1.jar;C:\Users\USER\Downloads\apachespark\spark\jars\arrow-format-12.0.1.jar;C:\Users\USER\Downloads\apachespark\spark\jars\arrow-memory-core-12.0.1.jar;C:\Users\USER\Downloads\apachespark\spark\jars\arrow-memory-netty-12.0.1.jar;C:\Users\USER\Downloads\apachespark\spark\jars\arrow-vector-12.0.1.jar;C:\Users\USER\Downloads\apachespark\spark\jars\audience-annotations-0.5.0.jar;C:\Users\USER\Downloads\apachespark\spark\jars\avro-1.11.4.jar;C:\Users\USER\Downloads\apachespark\spark\jars\avro-ipc-1.11.4.jar;C:\Users\USER\Downloads\apachespark\spark\jars\avro-mapred-1.11.4.jar;C:\Users\USER\Downloads\apachespark\spark\jars\blas-3.0.3.jar;C:\Users\USER\Downloads\apachespark\spark\jars\bonecp-0.8.0.RELEASE.jar;C:\Users\USER\Downloads\apachespark\spark\jars\breeze-macros_2.12-2.1.0.jar;C:\Users\USER\Downloads\apachespark\spark\jars\breeze_2.12-2.1.0.jar;C:\Users\USER\Downloads\apachespark\spark\jars\cats-kernel_2.12-2.1.1.jar;C:\Users\USER\Downloads\apachespark\spark\jars\chill-java-0.10.0.jar;C:\Users\USER\Downloads\apachespark\spark\jars\chill_2.12-0.10.0.jar;C:\Users\USER\Downloads\apachespark\spark\jars\commons-cli-1.5.0.jar;C:\Users\USER\Downloads\apachespark\spark\jars\commons-codec-1.16.1.jar;C:\Users\USER\Downloads\apachespark\spark\jars\commons-collections-3.2.2.jar;C:\Users\USER\Downloads\apachespark\spark\jars\co
Launcher Type: SUN_STANDARD

[Global flags]
     intx CICompilerCount                          = 4                                         {product} {ergonomic}
     uint ConcGCThreads                            = 2                                         {product} {ergonomic}
     uint G1ConcRefinementThreads                  = 8                                         {product} {ergonomic}
   size_t G1HeapRegionSize                         = 1048576                                   {product} {ergonomic}
    uintx GCDrainStackTargetSize                   = 64                                        {product} {ergonomic}
   size_t InitialHeapSize                          = 132120576                                 {product} {ergonomic}
   size_t MarkStackSize                            = 4194304                                   {product} {ergonomic}
   size_t MaxHeapSize                              = 134217728                                 {product} {command line}
   size_t MinHeapDeltaBytes                        = 1048576                                   {product} {ergonomic}
   size_t MinHeapSize                              = 8388608                                   {product} {ergonomic}
    uintx NonNMethodCodeHeapSize                   = 5839372                                {pd product} {ergonomic}
    uintx NonProfiledCodeHeapSize                  = 122909434                              {pd product} {ergonomic}
    uintx ProfiledCodeHeapSize                     = 122909434                              {pd product} {ergonomic}
    uintx ReservedCodeCacheSize                    = 251658240                              {pd product} {ergonomic}
     bool SegmentedCodeCache                       = true                                      {product} {ergonomic}
   size_t SoftMaxHeapSize                          = 134217728                              {manageable} {ergonomic}
     bool UseCompressedClassPointers               = true                           {product lp64_product} {ergonomic}
     bool UseCompressedOops                        = true                           {product lp64_product} {ergonomic}
     bool UseG1GC                                  = true                                      {product} {ergonomic}
     bool UseLargePagesIndividualAllocation        = false                                  {pd product} {ergonomic}

Logging:
Log output configuration:
 #0: stdout all=warning uptime,level,tags
 #1: stderr all=off uptime,level,tags

Environment Variables:
JAVA_HOME=C:\Program Files\Java\jdk-17
PATH=C:\Users\USER\anaconda3;C:\Users\USER\anaconda3\Library\mingw-w64\bin;C:\Users\USER\anaconda3\Library\usr\bin;C:\Users\USER\anaconda3\Library\bin;C:\Users\USER\anaconda3\Scripts;C:\Users\USER\anaconda3\bin;C:\Program Files\Common Files\Oracle\Java\javapath;C:\Users\USER\anaconda3;C:\Windows\system32;C:\Windows;C:\Windows\System32\Wbem;C:\Windows\System32\WindowsPowerShell\v1.0;C:\Windows\System32\OpenSSH;C:\Program Files (x86)\Intel\Intel(R) Management Engine Components\DAL;C:\Program Files\Intel\Intel(R) Management Engine Components\DAL;C:\Program Files\Git\cmd;C:\Program Files\Git\bin;C:\Users\USER\Downloads\apachespark\spark\bin;C:\Users\USER\Downloads\apachespark\spark\hadoop\bin;\bin;C:\Program Files\Java\jdk-17\bin;C:\Users\USER\anaconda3;C:\Users\USER\anaconda3\Library\mingw-w64\bin;C:\Users\USER\anaconda3\Library\usr\bin;C:\Users\USER\anaconda3\Library\bin;C:\Users\USER\anaconda3\Scripts;C:\Users\USER\anaconda3\bin;C:\Users\USER\anaconda3\condabin;C:\Program Files\Common Files\Oracle\Java\javapath;C:\Windows\system32;C:\Windows;C:\Windows\System32\Wbem;C:\Windows\System32\WindowsPowerShell\v1.0;C:\Windows\System32\OpenSSH;C:\Program Files (x86)\Intel\Intel(R) Management Engine Components\DAL;C:\Program Files\Intel\Intel(R) Management Engine Components\DAL;C:\Program Files\Git\cmd;C:\Program Files\Git\bin;C:\Users\USER\AppData\Local\Microsoft\WindowsApps;C:\Users\USER\AppData\Local\Programs\Microsoft VS Code\bin;C:\Users\USER\.deno\bin;.;.
USERNAME=USER
OS=Windows_NT
PROCESSOR_IDENTIFIER=Intel64 Family 6 Model 142 Stepping 10, GenuineIntel



---------------  S Y S T E M  ---------------

OS:
 Windows 11 , 64 bit Build 22621 (10.0.22621.3958)
OS uptime: 0 days 19:40 hours
Hyper-V role detected

CPU: total 8 (initial active 8) (4 cores per cpu, 2 threads per core) family 6 model 142 stepping 10 microcode 0xe0, cx8, cmov, fxsr, ht, mmx, 3dnowpref, sse, sse2, sse3, ssse3, sse4.1, sse4.2, popcnt, lzcnt, tsc, tscinvbit, avx, avx2, aes, erms, clmul, bmi1, bmi2, adx, fma, vzeroupper, clflush, clflushopt, hv

Memory: 4k page, system-wide physical 8003M (445M free)
TotalPageFile size 32579M (AvailPageFile size 130M)
current process WorkingSet (physical memory assigned to process): 11M, peak: 11M
current process commit charge ("private bytes"): 59M, peak: 185M

vm_info: Java HotSpot(TM) 64-Bit Server VM (17.0.12+8-LTS-286) for windows-amd64 JRE (17.0.12+8-LTS-286), built on Jun  5 2024 06:46:59 by "mach5one" with MS VC++ 17.6 (VS2022)

END.
